<?xml version="1.0" encoding="UTF-8"?>
<!-- Generated by org.testng.reporters.JUnitReportReporter -->
<testsuite hostname="LAPTOP-76JOHB1V" failures="0" tests="1" name="loginPage.myTestCases" time="2.754" errors="0" timestamp="2025-07-04T18:46:33 AST" skipped="0">
  <testcase classname="loginPage.myTestCases" name="Signup" time="2.754"/>
</testsuite> <!-- loginPage.myTestCases -->
