<?xml version="1.0" encoding="UTF-8"?>
<!-- Generated by org.testng.reporters.JUnitReportReporter -->
<testsuite hostname="LAPTOP-76JOHB1V" failures="0" tests="13" name="loginPage.myTestCases" time="82.521" errors="0" timestamp="2025-07-09T02:29:36 AST" skipped="3">
  <testcase classname="loginPage.myTestCases" name="AddtoCart" time="6.911"/>
  <testcase classname="loginPage.myTestCases" name="AddtoCart" time="7.693"/>
  <testcase classname="loginPage.myTestCases" name="AddtoCart" time="7.724"/>
  <testcase classname="loginPage.myTestCases" name="AddtoCart" time="7.333"/>
  <testcase classname="loginPage.myTestCases" name="AddtoCart" time="9.716"/>
  <testcase classname="loginPage.myTestCases" name="AddtoCart" time="9.151"/>
  <testcase classname="loginPage.myTestCases" name="AddtoCart" time="7.971"/>
  <testcase classname="loginPage.myTestCases" name="AddtoCart" time="9.270"/>
  <testcase classname="loginPage.myTestCases" name="AddtoCart" time="9.459"/>
  <testcase classname="loginPage.myTestCases" name="AddtoCart" time="7.293"/>
  <testcase classname="loginPage.myTestCases" name="Logout">
    <skipped/>
  </testcase> <!-- Logout -->
  <testcase classname="loginPage.myTestCases" name="Signup">
    <skipped/>
  </testcase> <!-- Signup -->
  <testcase classname="loginPage.myTestCases" name="Login">
    <skipped/>
  </testcase> <!-- Login -->
</testsuite> <!-- loginPage.myTestCases -->
