<?xml version="1.0" encoding="UTF-8"?>
<!-- Generated by org.testng.reporters.JUnitReportReporter -->
<testsuite hostname="LAPTOP-76JOHB1V" failures="0" tests="1" name="loginPage.myTestCases" time="6.657" errors="0" timestamp="2025-07-08T18:57:14 AST" skipped="0">
  <testcase classname="loginPage.myTestCases" name="Signup" time="6.657"/>
</testsuite> <!-- loginPage.myTestCases -->
